1624376889.177920 client started (8280): version 3.2a, socket /private/tmp/tmux-101058/default, protocol 8
1624376889.177946 on Darwin 19.6.0 Darwin Kernel Version 19.6.0: Mon Apr 12 20:57:45 PDT 2021; root:xnu-6153.141.28.1~1/RELEASE_X86_64
1624376889.181950 using libevent 2.1.12-stable (select); utf8proc 2.6.1; ncurses 6.2
1624376889.181997 flags are 0x10010000
1624376889.182003 socket is /private/tmp/tmux-101058/default
1624376889.182019 trying connect
1624376889.182100 add peer 0x7fa17f531000: 6 (0x0)
1624376889.186204 sending message 100 to peer 0x7fa17f531000 (4 bytes)
1624376889.186214 sending message 111 to peer 0x7fa17f531000 (8 bytes)
1624376889.186217 sending message 101 to peer 0x7fa17f531000 (7 bytes)
1624376889.186219 sending message 109 to peer 0x7fa17f531000 (4 bytes)
1624376889.186222 sending message 102 to peer 0x7fa17f531000 (13 bytes)
1624376889.186224 sending message 108 to peer 0x7fa17f531000 (37 bytes)
1624376889.186226 sending message 112 to peer 0x7fa17f531000 (70 bytes)
1624376889.186228 sending message 112 to peer 0x7fa17f531000 (5 bytes)
1624376889.186230 sending message 112 to peer 0x7fa17f531000 (5 bytes)
1624376889.186232 sending message 112 to peer 0x7fa17f531000 (6 bytes)
1624376889.186235 sending message 112 to peer 0x7fa17f531000 (6 bytes)
1624376889.186237 sending message 112 to peer 0x7fa17f531000 (11 bytes)
1624376889.186239 sending message 112 to peer 0x7fa17f531000 (10 bytes)
1624376889.186241 sending message 112 to peer 0x7fa17f531000 (13 bytes)
1624376889.186243 sending message 112 to peer 0x7fa17f531000 (13 bytes)
1624376889.186245 sending message 112 to peer 0x7fa17f531000 (18 bytes)
1624376889.186248 sending message 112 to peer 0x7fa17f531000 (9 bytes)
1624376889.186250 sending message 112 to peer 0x7fa17f531000 (21 bytes)
1624376889.186252 sending message 112 to peer 0x7fa17f531000 (13 bytes)
1624376889.186254 sending message 112 to peer 0x7fa17f531000 (7 bytes)
1624376889.186256 sending message 112 to peer 0x7fa17f531000 (13 bytes)
1624376889.186258 sending message 112 to peer 0x7fa17f531000 (7 bytes)
1624376889.186260 sending message 112 to peer 0x7fa17f531000 (13 bytes)
1624376889.186262 sending message 112 to peer 0x7fa17f531000 (9 bytes)
1624376889.186265 sending message 112 to peer 0x7fa17f531000 (21 bytes)
1624376889.186267 sending message 112 to peer 0x7fa17f531000 (13 bytes)
1624376889.186269 sending message 112 to peer 0x7fa17f531000 (8 bytes)
1624376889.186271 sending message 112 to peer 0x7fa17f531000 (12 bytes)
1624376889.186273 sending message 112 to peer 0x7fa17f531000 (13 bytes)
1624376889.186275 sending message 112 to peer 0x7fa17f531000 (9 bytes)
1624376889.186277 sending message 112 to peer 0x7fa17f531000 (9 bytes)
1624376889.186279 sending message 112 to peer 0x7fa17f531000 (12 bytes)
1624376889.186282 sending message 112 to peer 0x7fa17f531000 (8 bytes)
1624376889.186284 sending message 112 to peer 0x7fa17f531000 (7 bytes)
1624376889.186286 sending message 112 to peer 0x7fa17f531000 (7 bytes)
1624376889.186288 sending message 112 to peer 0x7fa17f531000 (9 bytes)
1624376889.186290 sending message 112 to peer 0x7fa17f531000 (13 bytes)
1624376889.186292 sending message 112 to peer 0x7fa17f531000 (9 bytes)
1624376889.186294 sending message 112 to peer 0x7fa17f531000 (15 bytes)
1624376889.186296 sending message 112 to peer 0x7fa17f531000 (13 bytes)
1624376889.186298 sending message 112 to peer 0x7fa17f531000 (12 bytes)
1624376889.186300 sending message 112 to peer 0x7fa17f531000 (8 bytes)
1624376889.186303 sending message 112 to peer 0x7fa17f531000 (14 bytes)
1624376889.186305 sending message 112 to peer 0x7fa17f531000 (9 bytes)
1624376889.186307 sending message 112 to peer 0x7fa17f531000 (10 bytes)
1624376889.186309 sending message 112 to peer 0x7fa17f531000 (10 bytes)
1624376889.186311 sending message 112 to peer 0x7fa17f531000 (10 bytes)
1624376889.186313 sending message 112 to peer 0x7fa17f531000 (10 bytes)
1624376889.186315 sending message 112 to peer 0x7fa17f531000 (11 bytes)
1624376889.186317 sending message 112 to peer 0x7fa17f531000 (10 bytes)
1624376889.186319 sending message 112 to peer 0x7fa17f531000 (8 bytes)
1624376889.186328 sending message 112 to peer 0x7fa17f531000 (11 bytes)
1624376889.186331 sending message 112 to peer 0x7fa17f531000 (11 bytes)
1624376889.186334 sending message 112 to peer 0x7fa17f531000 (11 bytes)
1624376889.186336 sending message 112 to peer 0x7fa17f531000 (8 bytes)
1624376889.186338 sending message 112 to peer 0x7fa17f531000 (8 bytes)
1624376889.186340 sending message 112 to peer 0x7fa17f531000 (8 bytes)
1624376889.186342 sending message 112 to peer 0x7fa17f531000 (10 bytes)
1624376889.186344 sending message 112 to peer 0x7fa17f531000 (10 bytes)
1624376889.186346 sending message 112 to peer 0x7fa17f531000 (10 bytes)
1624376889.186348 sending message 112 to peer 0x7fa17f531000 (10 bytes)
1624376889.186350 sending message 112 to peer 0x7fa17f531000 (10 bytes)
1624376889.186353 sending message 112 to peer 0x7fa17f531000 (11 bytes)
1624376889.186355 sending message 112 to peer 0x7fa17f531000 (11 bytes)
1624376889.186357 sending message 112 to peer 0x7fa17f531000 (10 bytes)
1624376889.186359 sending message 112 to peer 0x7fa17f531000 (9 bytes)
1624376889.186361 sending message 112 to peer 0x7fa17f531000 (9 bytes)
1624376889.186363 sending message 112 to peer 0x7fa17f531000 (12 bytes)
1624376889.186365 sending message 112 to peer 0x7fa17f531000 (9 bytes)
1624376889.186367 sending message 112 to peer 0x7fa17f531000 (6 bytes)
1624376889.186369 sending message 112 to peer 0x7fa17f531000 (8 bytes)
1624376889.186372 sending message 112 to peer 0x7fa17f531000 (15 bytes)
1624376889.186374 sending message 112 to peer 0x7fa17f531000 (13 bytes)
1624376889.186376 sending message 112 to peer 0x7fa17f531000 (16 bytes)
1624376889.186378 sending message 112 to peer 0x7fa17f531000 (16 bytes)
1624376889.186380 sending message 112 to peer 0x7fa17f531000 (10 bytes)
1624376889.186382 sending message 112 to peer 0x7fa17f531000 (8 bytes)
1624376889.186384 sending message 112 to peer 0x7fa17f531000 (15 bytes)
1624376889.186386 sending message 112 to peer 0x7fa17f531000 (13 bytes)
1624376889.186388 sending message 112 to peer 0x7fa17f531000 (10 bytes)
1624376889.186391 sending message 112 to peer 0x7fa17f531000 (10 bytes)
1624376889.186393 sending message 112 to peer 0x7fa17f531000 (5 bytes)
1624376889.186395 sending message 112 to peer 0x7fa17f531000 (15 bytes)
1624376889.186403 sending message 104 to peer 0x7fa17f531000 (0 bytes)
1624376889.186406 sending message 110 to peer 0x7fa17f531000 (0 bytes)
1624376889.186408 sending message 107 to peer 0x7fa17f531000 (4 bytes)
1624376889.186410 sending message 105 to peer 0x7fa17f531000 (15 bytes)
1624376889.186412 sending message 105 to peer 0x7fa17f531000 (20 bytes)
1624376889.186415 sending message 105 to peer 0x7fa17f531000 (22 bytes)
1624376889.186417 sending message 105 to peer 0x7fa17f531000 (18 bytes)
1624376889.186419 sending message 105 to peer 0x7fa17f531000 (42 bytes)
1624376889.186421 sending message 105 to peer 0x7fa17f531000 (39 bytes)
1624376889.186423 sending message 105 to peer 0x7fa17f531000 (23 bytes)
1624376889.186425 sending message 105 to peer 0x7fa17f531000 (61 bytes)
1624376889.186427 sending message 105 to peer 0x7fa17f531000 (17 bytes)
1624376889.186431 sending message 105 to peer 0x7fa17f531000 (19 bytes)
1624376889.186433 sending message 105 to peer 0x7fa17f531000 (26 bytes)
1624376889.186435 sending message 105 to peer 0x7fa17f531000 (14 bytes)
1624376889.186437 sending message 105 to peer 0x7fa17f531000 (54 bytes)
1624376889.186439 sending message 105 to peer 0x7fa17f531000 (20 bytes)
1624376889.186441 sending message 105 to peer 0x7fa17f531000 (184 bytes)
1624376889.186443 sending message 105 to peer 0x7fa17f531000 (41 bytes)
1624376889.186446 sending message 105 to peer 0x7fa17f531000 (24 bytes)
1624376889.186448 sending message 105 to peer 0x7fa17f531000 (15 bytes)
1624376889.186450 sending message 105 to peer 0x7fa17f531000 (8 bytes)
1624376889.186452 sending message 105 to peer 0x7fa17f531000 (66 bytes)
1624376889.186454 sending message 105 to peer 0x7fa17f531000 (12 bytes)
1624376889.186456 sending message 105 to peer 0x7fa17f531000 (18 bytes)
1624376889.186461 sending message 105 to peer 0x7fa17f531000 (26 bytes)
1624376889.186463 sending message 105 to peer 0x7fa17f531000 (60 bytes)
1624376889.186465 sending message 105 to peer 0x7fa17f531000 (57 bytes)
1624376889.186467 sending message 105 to peer 0x7fa17f531000 (45 bytes)
1624376889.186469 sending message 105 to peer 0x7fa17f531000 (13 bytes)
1624376889.186471 sending message 105 to peer 0x7fa17f531000 (11 bytes)
1624376889.186473 sending message 105 to peer 0x7fa17f531000 (14 bytes)
1624376889.186475 sending message 105 to peer 0x7fa17f531000 (19 bytes)
1624376889.186478 sending message 105 to peer 0x7fa17f531000 (32 bytes)
1624376889.186480 sending message 105 to peer 0x7fa17f531000 (30 bytes)
1624376889.186482 sending message 106 to peer 0x7fa17f531000 (0 bytes)
1624376889.186491 sending message 200 to peer 0x7fa17f531000 (4 bytes)
1624376889.186493 client loop enter
1624376889.186713 peer 0x7fa17f531000 message 303
1624376889.186734 open write file 2 -
1624376889.186748 sending message 305 to peer 0x7fa17f531000 (8 bytes)
1624376889.186761 write check file 2
1624376889.186802 peer 0x7fa17f531000 message 304
1624376889.186805 write 58 to file 2
1624376889.186810 peer 0x7fa17f531000 message 203
1624376889.186826 file 2 58 bytes left
1624376889.186858 write check file 2
1624376889.186861 client loop exit
